<?xml version="1.0" encoding="UTF-8"?>
<testsuite xmlns:xsi="http://www.w3.org/2001/XMLSchema-instance" xsi:noNamespaceSchemaLocation="https://maven.apache.org/surefire/maven-surefire-plugin/xsd/surefire-test-report-3.0.xsd" version="3.0" name="entorno.yuri.boletinjunit.ejercicio4.FridgeTest" time="0.006" tests="9" errors="0" skipped="0" failures="0">
  <properties>
[...]
</properties>
  <testcase name="testPut{String}[1]" classname="entorno.yuri.boletinjunit.ejercicio4.FridgeTest" time="0"/>
  <testcase name="testPut{String}[2]" classname="entorno.yuri.boletinjunit.ejercicio4.FridgeTest" time="0"/>
  <testcase name="testPut{String}[3]" classname="entorno.yuri.boletinjunit.ejercicio4.FridgeTest" time="0"/>
  <testcase name="testTake{String}[1]" classname="entorno.yuri.boletinjunit.ejercicio4.FridgeTest" time="0"/>
  <testcase name="testTake{String}[2]" classname="entorno.yuri.boletinjunit.ejercicio4.FridgeTest" time="0"/>
  <testcase name="testTake{String}[3]" classname="entorno.yuri.boletinjunit.ejercicio4.FridgeTest" time="0"/>
  <testcase name="testContains{String}[1]" classname="entorno.yuri.boletinjunit.ejercicio4.FridgeTest" time="0"/>
  <testcase name="testContains{String}[2]" classname="entorno.yuri.boletinjunit.ejercicio4.FridgeTest" time="0"/>
  <testcase name="testContains{String}[3]" classname="entorno.yuri.boletinjunit.ejercicio4.FridgeTest" time="0"/>
</testsuite>