<?xml version="1.0" encoding="UTF-8"?>
<testsuite xmlns:xsi="http://www.w3.org/2001/XMLSchema-instance" xsi:noNamespaceSchemaLocation="https://maven.apache.org/surefire/maven-surefire-plugin/xsd/surefire-test-report-3.0.xsd" version="3.0" name="entorno.yuri.tarea2.VideojuegoTest" time="0.001" tests="16" errors="0" skipped="0" failures="0">
  <properties>
[...]
</properties>
  <testcase name="testVideojuegoStringIntStringString" classname="entorno.yuri.tarea2.VideojuegoTest" time="0"/>
  <testcase name="testEntregar" classname="entorno.yuri.tarea2.VideojuegoTest" time="0"/>
  <testcase name="testCompareTo" classname="entorno.yuri.tarea2.VideojuegoTest" time="0"/>
  <testcase name="testIsEntregado" classname="entorno.yuri.tarea2.VideojuegoTest" time="0"/>
  <testcase name="testSetcompañia" classname="entorno.yuri.tarea2.VideojuegoTest" time="0"/>
  <testcase name="testGetcompañia" classname="entorno.yuri.tarea2.VideojuegoTest" time="0"/>
  <testcase name="testSetGenero" classname="entorno.yuri.tarea2.VideojuegoTest" time="0"/>
  <testcase name="testEqualsVideojuego" classname="entorno.yuri.tarea2.VideojuegoTest" time="0"/>
  <testcase name="testGetGenero" classname="entorno.yuri.tarea2.VideojuegoTest" time="0.001"/>
  <testcase name="testSetHorasEstimadas" classname="entorno.yuri.tarea2.VideojuegoTest" time="0"/>
  <testcase name="testSetTitulo" classname="entorno.yuri.tarea2.VideojuegoTest" time="0"/>
  <testcase name="testVideojuegoStringString" classname="entorno.yuri.tarea2.VideojuegoTest" time="0"/>
  <testcase name="testGetTitulo" classname="entorno.yuri.tarea2.VideojuegoTest" time="0"/>
  <testcase name="testDevolver" classname="entorno.yuri.tarea2.VideojuegoTest" time="0"/>
  <testcase name="testVideojuego" classname="entorno.yuri.tarea2.VideojuegoTest" time="0"/>
  <testcase name="testGetHorasEstimadas" classname="entorno.yuri.tarea2.VideojuegoTest" time="0"/>
</testsuite>