-------------------------------------------------------------------------------
Test set: entorno.yuri.tarea3.ShoppingCartTest
-------------------------------------------------------------------------------
Tests run: 6, Failures: 1, Errors: 0, Skipped: 0, Time elapsed: 0.035 s <<< FAILURE! - in entorno.yuri.tarea3.ShoppingCartTest
testRemoveItem  Time elapsed: 0.008 s  <<< FAILURE!
org.opentest4j.AssertionFailedError: Error resultado no esperado ==> expected: <0> but was: <1>
	at entorno.yuri.tarea3.ShoppingCartTest.testRemoveItem(ShoppingCartTest.java:70)

