-------------------------------------------------------------------------------
Test set: entorno.srdplas.Tarea1.PersonaTest
-------------------------------------------------------------------------------
Tests run: 2, Failures: 1, Errors: 0, Skipped: 0, Time elapsed: 0.034 s <<< FAILURE! - in entorno.srdplas.Tarea1.PersonaTest
testCalcularIMC  Time elapsed: 0.019 s  <<< FAILURE!
org.opentest4j.AssertionFailedError: Error el metodo no funciona el peso no supera el minimo de los if ==> expected: <1> but was: <-1>
	at entorno.srdplas.Tarea1.PersonaTest.testCalcularIMC(PersonaTest.java:41)

